 radius= 4.1038E+01 lambda= 5.3200E-01 x= 6.4608E+02

Qext= 2.0331E+00 Qsca= 2.0331E+00 Qabs= 0.0000E+00 <cos>= 9.3873E-01
                 Qbk = 1.4257E+00
  theta       S11           POL           S33           S34
   0.00   4.50124E+10  -0.00000E+00   4.50124E+10   0.00000E+00
   0.71   1.92461E+08  -1.38252E-03   1.92459E+08  -8.73987E+05
   1.42   1.75447E+07   2.60023E-02   1.75264E+07   6.60616E+05
   2.13   9.54318E+05   3.25404E-02   9.53813E+05  -4.53219E+02
   2.83   6.47912E+06   4.67633E-02   6.47154E+06  -8.01479E+04
   3.54   6.14218E+05  -9.89528E-02   6.10962E+05  -1.71903E+04
   4.25   5.94473E+06   2.25264E-02   5.94307E+06  -4.15646E+04
   4.96   2.05057E+06   1.41034E-02   2.04567E+06  -1.38721E+05
   5.67   2.86158E+06  -8.10182E-03   2.86131E+06   3.16321E+04
   6.38   5.50650E+06   3.31893E-02   5.50304E+06   6.81270E+04
   7.09   3.84497E+06   2.05246E-02   3.84405E+06  -2.87108E+04
   7.80   2.22852E+06  -4.44031E-02   2.22632E+06   3.51562E+02
   8.50   2.47120E+06  -4.85643E-02   2.46811E+06   2.91630E+04
   9.21   3.36354E+06   2.01172E-03   3.36347E+06   2.14222E+04
   9.92   3.91891E+06   5.78758E-03   3.91664E+06   1.31231E+05
  10.63   3.45864E+06  -1.63446E-02   3.45811E+06   2.23160E+04
  11.34   3.46178E+06   2.32187E-02   3.46074E+06   2.79954E+04
  12.05   3.06861E+06  -1.83754E-02   3.06735E+06   6.75099E+04
  12.76   2.95869E+06   1.58360E-02   2.95827E+06  -1.71856E+04
  13.46   2.61348E+06  -2.13549E-02   2.61194E+06   7.01745E+04
  14.17   2.32003E+06   1.00134E-02   2.31984E+06  -1.83597E+04
  14.88   1.69102E+06  -4.23099E-02   1.68893E+06   4.42596E+04
  15.59   1.24231E+06   1.42772E-02   1.24197E+06   2.27199E+04
  16.30   1.01349E+06  -6.08601E-02   1.01111E+06  -3.19679E+04
  17.01   1.23268E+06  -4.70285E-02   1.23118E+06   1.82639E+04
  17.72   1.68753E+06   1.34881E-02   1.68658E+06  -5.19226E+04
  18.43   1.50005E+06  -2.24179E-02   1.49960E+06  -1.50320E+04
  19.13   8.36823E+05  -2.74231E-02   8.33533E+05   7.04932E+04
  19.84   7.22106E+05  -5.08064E-02   7.21110E+05  -9.61700E+03
  20.55   1.19417E+06  -1.70706E-02   1.19051E+06  -9.12100E+04
  21.26   1.07149E+06  -7.19442E-04   1.07102E+06   3.16176E+04
  21.97   5.30513E+05  -7.33870E-02   5.26264E+05   5.45399E+04
  22.68   6.61477E+05  -4.35427E-02   6.58527E+05  -5.53563E+04
  23.39   9.72751E+05   2.32341E-02   9.72314E+05  -1.83773E+04
  24.09   5.40324E+05  -9.97299E-02   5.35370E+05   4.92410E+04
  24.80   4.69511E+05  -7.20651E-02   4.66865E+05  -3.65016E+04
  25.51   6.99365E+05   3.86760E-02   6.98668E+05   1.56147E+04
  26.22   3.77634E+05  -1.20607E-01   3.74350E+05   1.98951E+04
  26.93   4.33066E+05  -3.86740E-02   4.30573E+05  -4.32687E+04
  27.64   6.16651E+05  -3.42934E-02   6.15214E+05   3.63692E+04
  28.35   2.48632E+05  -1.65931E-01   2.45142E+05   4.64154E+03
  29.06   4.55324E+05   1.63112E-03   4.55313E+05  -3.01773E+03
  29.76   3.47641E+05  -2.97358E-02   3.46912E+05   1.99981E+04
  30.47   2.00409E+05  -8.38531E-02   1.98819E+05  -1.87713E+04
  31.18   4.14411E+05  -6.46599E-03   4.14075E+05  -1.64868E+04
  31.89   1.68509E+05  -1.69040E-01   1.65739E+05   1.07033E+04
  32.60   3.05225E+05  -7.67638E-02   3.02314E+05  -3.49257E+04
  33.31   2.50934E+05  -3.27040E-02   2.49021E+05   2.98124E+04
  34.02   1.59794E+05  -2.31039E-01   1.54560E+05  -1.68036E+04
  34.72   2.69618E+05   5.19522E-02   2.68946E+05   1.28694E+04
  35.43   1.09692E+05  -2.79696E-01   1.04773E+05   1.06615E+04
  36.14   1.97690E+05   7.37947E-02   1.96662E+05  -1.38748E+04
  36.85   1.45582E+05  -1.09370E-01   1.43178E+05   2.09951E+04
  37.56   1.03773E+05  -1.00113E-02   1.01488E+05  -2.16304E+04
  38.27   1.88247E+05  -2.93947E-02   1.87914E+05   9.71265E+03
  38.98   4.95120E+04  -3.01309E-01   4.62957E+04  -9.25114E+03
  39.69   1.82147E+05  -2.73076E-02   1.81724E+05  -1.13802E+04
  40.39   4.76276E+04  -3.36507E-01   4.40749E+04   8.30189E+03
  41.10   1.31505E+05  -6.79744E-02   1.29006E+05  -2.38991E+04
  41.81   7.16165E+04  -1.15664E-01   6.86192E+04   1.87542E+04
  42.52   7.05928E+04  -2.08166E-01   6.67090E+04  -1.78130E+04
  43.23   8.66860E+04  -3.59490E-02   8.51512E+04   1.59379E+04
  43.94   3.68677E+04  -4.03772E-01   3.36296E+04  -2.58391E+03
  44.65   7.92398E+04  -3.11807E-02   7.91449E+04   2.98740E+03
  45.35   3.96569E+04  -1.40901E-01   3.79761E+04   9.96316E+03
  46.06   5.21271E+04  -1.13455E-01   5.10149E+04  -8.92958E+03
  46.77   5.66272E+04   1.37194E-01   5.49854E+04   1.10856E+04
  47.48   2.44675E+04  -3.11311E-01   2.05980E+04  -1.07873E+04
  48.19   6.01469E+04   2.52157E-01   5.79210E+04   5.72571E+03
  48.90   1.09131E+04  -7.78960E-01   6.67862E+03  -1.49224E+03
  49.61   3.98153E+04   2.04747E-01   3.89527E+04  -1.21793E+03
  50.31   1.83591E+04  -2.58087E-01   1.71637E+04   4.47377E+03
  51.02   1.58511E+04  -4.93606E-02   1.51832E+04  -4.48525E+03
  51.73   3.23617E+04   1.17496E-01   3.21301E+04   6.93516E+02
  52.44   3.99475E+03  -9.42400E-01   1.03131E+03  -8.49593E+02
  53.15   3.35650E+04   2.79814E-01   3.16012E+04  -6.30559E+03
  53.86   7.52434E+03  -2.64039E-01   4.63370E+03   5.58547E+03
  54.57   1.59554E+04   1.86212E-01   1.40870E+04  -6.87766E+03
  55.28   1.51873E+04   2.49062E-02   1.49441E+04   2.68036E+03
  55.98   2.73872E+03  -8.86912E-01   7.26958E+02  -1.03541E+03
  56.69   1.73098E+04   2.17716E-01   1.63189E+04  -4.37267E+03
  57.40   6.49708E+03  -6.58939E-02   4.03985E+03   5.07033E+03
  58.11   7.99548E+03   2.60298E-01   5.51377E+03  -5.40320E+03
  58.82   1.27098E+04   1.42716E-01   1.22852E+04   2.70589E+03
  59.53   1.42391E+03  -7.50197E-01  -9.37463E+02  -8.71703E+01
  60.24   8.63070E+03   2.39990E-01   7.30754E+03  -4.09861E+03
  60.94   7.36953E+03   2.38532E-01   5.40508E+03   4.69094E+03
  61.65   2.40218E+03   3.28730E-01  -3.13237E+02  -2.24695E+03
  62.36   9.02930E+03   2.25374E-01   8.79682E+03  -5.64031E+01
  63.07   2.36328E+03   4.27107E-01   5.11384E+02   2.07479E+03
  63.78   3.18638E+03   1.29993E-01   9.76410E+02  -3.00468E+03
  64.49   6.47632E+03   4.54321E-01   5.39649E+03   2.04043E+03
  65.20   1.87350E+03   5.42253E-01  -4.37935E+02   1.51200E+03
  65.91   3.56192E+03   2.13664E-01   2.90067E+03  -1.92203E+03
  66.61   4.20467E+03   6.35667E-01   3.09959E+03   9.63369E+02
  67.32   1.63490E+03   4.22105E-01  -1.28542E+03   7.37801E+02
  68.03   2.69750E+03   6.39407E-01   1.99372E+03  -5.71544E+02
  68.74   4.17227E+03   5.65264E-01   3.14378E+03   1.40080E+03
  69.45   1.25143E+03   7.17224E-01  -8.49370E+02  -1.97583E+02
  70.16   1.98565E+03   7.88347E-01   7.74984E+02  -9.44348E+02
  70.87   3.51493E+03   6.61270E-01   1.77206E+03   1.95245E+03
  71.57   1.69183E+03   9.90747E-01   2.27174E+02  -3.34215E+01
  72.28   1.62228E+03   5.58952E-01   6.77472E+02  -1.16215E+03
  72.99   2.92479E+03   9.23248E-01   4.57459E+02   1.02639E+03
  73.70   2.05563E+03   8.95267E-01   3.36524E+02   8.51779E+02
  74.41   1.50491E+03   6.68534E-01   7.98476E+02  -7.84207E+02
  75.12   2.15042E+03   9.87974E-01   1.55394E+02  -2.93944E+02
  75.83   2.45671E+03   9.05607E-01  -1.85444E+02   1.02530E+03
  76.54   1.11054E+03   8.43521E-01   5.51198E+02  -2.27933E+02
  77.24   1.45536E+03   8.92077E-01   4.83735E+02  -4.45541E+02
  77.95   1.97515E+03   8.87988E-01  -8.33025E+02   3.62059E+02
  78.66   1.70918E+03   9.47184E-01   5.48110E+02   3.03355E+00
  79.37   1.17787E+03   8.32852E-01   4.00164E+02  -5.14690E+02
  80.08   1.39362E+03   8.35702E-01  -7.60536E+02   8.57043E+01
  80.79   2.08761E+03   9.82743E-01  -1.01523E+02   3.72568E+02
  81.50   2.13958E+03   8.32897E-01   3.69872E+02  -1.12485E+03
  82.20   1.03662E+03   9.74680E-01  -1.07817E+02   2.05190E+02
  82.91   8.21927E+02   5.30399E-01  -2.91407E+02   6.32925E+02
  83.62   1.54805E+03   7.75568E-01  -4.49109E+02  -8.67915E+02
  84.33   2.33574E+03   9.39228E-01  -3.83014E+02  -7.04452E+02
  85.04   1.41585E+03   6.85673E-01   9.84074E+02   3.06195E+02
  85.75   8.13800E+02   9.07881E-01  -2.51069E+02   2.30998E+02
  86.46   1.56799E+03   5.53613E-01  -1.30086E+03  -1.13240E+02
  87.17   1.14173E+03   7.99609E-01   3.47949E+01  -6.84747E+02
  87.87   1.84366E+03   8.77114E-01  -1.17542E+02  -8.77641E+02
  88.58   1.86919E+03   7.51777E-01   6.51725E+02   1.04618E+03
  89.29   7.49836E+02   8.50150E-01  -1.99921E+02   3.40461E+02
  90.00   1.23557E+03   7.16813E-02  -1.20676E+03   2.50020E+02
  90.71   9.52922E+02   7.42150E-01  -3.98728E+01  -6.37435E+02
  91.42   1.75058E+03   7.47002E-01  -2.71795E+02  -1.13164E+03
  92.13   2.01488E+03   8.18497E-01   7.66666E+02   8.67288E+02
  92.83   5.95529E+02   9.70946E-01  -4.42275E+01   1.35473E+02
  93.54   1.77751E+03   2.94488E-01  -8.68256E+02   1.46002E+03
  94.25   1.11755E+03   8.07992E-01  -4.11878E+02  -5.13732E+02
  94.96   1.17447E+03   2.93647E-02  -1.10919E+03  -3.84575E+02
  95.67   1.11072E+03   8.43392E-01   5.04582E+02  -3.18677E+02
  96.38   9.32280E+02   6.94850E-01  -3.92721E+02  -5.43395E+02
  97.09   1.46817E+03   6.09240E-01   3.14214E+02   1.12104E+03
  97.80   6.45370E+02   6.15320E-01  -4.59343E+02  -2.18658E+02
  98.50   2.26878E+03   4.51052E-01  -7.46995E+02   1.88206E+03
  99.21   1.17320E+03   3.80556E-01  -3.98697E+02  -1.00902E+03
  99.92   1.59107E+03   1.71836E-01  -8.93773E+02   1.28761E+03
 100.63   1.75752E+03   4.70904E-01   2.93225E+02  -1.52248E+03
 101.34   6.98415E+02  -2.48987E-01  -5.89987E+02   3.30846E+02
 102.05   1.57660E+03   4.95051E-01   8.71995E+02  -1.05646E+03
 102.76   8.51613E+02   1.08729E-01  -8.45429E+02   4.38323E+01
 103.46   1.46443E+03   6.11354E-01   1.03535E+03  -5.20648E+02
 104.17   1.67929E+03   2.96027E-01  -1.60402E+03  -2.87997E+00
 104.88   3.14367E+03   6.89589E-01   1.81864E+03  -1.36955E+03
 105.59   2.93306E+03   2.71800E-01  -2.19038E+03  -1.78033E+03
 106.30   9.89915E+03   5.06298E-01   6.21375E+03  -5.85347E+03
 107.01   8.08526E+03   7.51901E-02   1.98698E+03  -7.81369E+03
 107.72   2.51893E+04   3.06389E-01   1.98565E+04  -1.34409E+04
 108.43   2.81171E+04   1.28626E-01   2.42266E+04  -1.38045E+04
 109.13   4.16523E+04   1.84287E-01   3.98581E+04  -9.34441E+03
 109.84   6.01599E+04   3.17345E-01   5.70214E+04  -1.81283E+03
 110.55   3.70397E+04   2.08362E-01   3.34327E+04   1.39510E+04
 111.26   5.03954E+04   4.80579E-01   4.02163E+04   1.83244E+04
 111.97   9.74991E+03   3.18932E-02  -1.59614E+03   9.61334E+03
 112.68   6.01805E+03  -2.45786E-01   4.28606E+03   3.95711E+03
 113.39   1.42369E+04   1.62138E-01   1.32532E+04  -4.65985E+03
 114.09   3.47408E+04   7.33328E-01   2.34637E+04   2.70758E+03
 114.80   1.81398E+04   5.55939E-01   1.21398E+04   8.94298E+03
 115.51   7.91078E+03   5.55296E-01   5.14164E+03   4.10451E+03
 116.22   1.29539E+04   6.26537E-01   7.36277E+03  -6.90806E+03
 116.93   2.10855E+04   8.11978E-01   1.12816E+04  -4.91915E+03
 117.64   1.07830E+04   4.79497E-01   9.45413E+03   3.99885E+02
 118.35   3.15709E+03  -6.92960E-01  -1.76488E+03  -1.43744E+03
 119.06   1.65999E+04   5.50108E-01   7.24410E+03  -1.18191E+04
 119.76   5.67214E+03  -8.49562E-02   5.05251E+03   2.53240E+03
 120.47   5.95786E+03  -7.52492E-01  -3.88167E+03  -5.73862E+02
 121.18   5.12681E+03   4.30931E-02   3.16010E+03  -4.03102E+03
 121.89   1.00140E+04   3.27000E-01   2.89298E+03   9.01040E+03
 122.60   1.92294E+03  -7.60035E-01  -1.62097E+02  -1.23912E+03
 123.31   1.07746E+04   8.56440E-01   5.55908E+03  -1.90802E+02
 124.02   2.21650E+03   1.46739E-01   1.17690E+03   1.84987E+03
 124.72   7.29944E+03   4.43121E-01  -1.23873E+03  -6.42535E+03
 125.43   3.38851E+03   8.35282E-03   2.76146E+03   1.96355E+03
 126.14   6.09053E+03  -4.70835E-02  -5.56037E+03  -2.46872E+03
 126.85   4.57928E+03   8.99934E-02   2.47055E+03   3.83358E+03
 127.56   2.28946E+03  -3.64362E-01  -2.11775E+03   2.46712E+02
 128.27   6.79618E+03   9.48710E-01   1.95900E+03   8.82509E+02
 128.98   6.02562E+02  -9.84202E-01   9.75343E+00   1.06235E+02
 129.69   4.24653E+03   5.49931E-01   2.23856E+02  -3.53967E+03
 130.39   5.46671E+03  -1.78858E-01  -5.37426E+03   2.14901E+02
 131.10   1.16974E+03   6.39502E-01   8.27196E+02   3.52777E+02
 131.81   2.92344E+03  -4.21233E-01  -2.30506E+03   1.31024E+03
 132.52   6.10918E+03   8.59874E-01  -3.08112E+03   4.83190E+02
 133.23   3.17356E+03  -3.83632E-01  -2.71916E+03  -1.09336E+03
 133.94   1.45695E+03   2.13329E-01  -5.37134E+02   1.31818E+03
 134.65   1.57455E+03  -2.81192E-01  -1.48771E+03  -2.64390E+02
 135.35   4.73382E+03   2.48678E-01  -3.67762E+03   2.73832E+03
 136.06   4.81894E+03   5.42480E-01  -3.81786E+03  -1.34616E+03
 136.77   4.05146E+03  -2.95990E-01  -3.82092E+03   6.13865E+02
 137.48   2.66668E+03   3.86257E-01  -2.42394E+03   4.18038E+02
 138.19   4.99714E+02   1.59822E-01  -9.18605E+01  -4.84662E+02
 138.90   6.55257E+02  -2.67649E-01  -5.83974E+02   2.39954E+02
 139.61   1.07308E+03   4.38414E-01  -1.25534E+02  -9.56254E+02
 140.31   2.01333E+03  -1.46067E-01  -1.88659E+03  -6.38578E+02
 141.02   2.75305E+03   4.09246E-01  -2.19488E+03  -1.22163E+03
 141.73   2.41378E+03   8.14496E-01  -1.11371E+03  -8.48982E+02
 142.44   1.11055E+03   5.66692E-01  -8.90974E+02  -2.08377E+02
 143.15   3.17196E+03   6.36924E-01  -2.38928E+03   5.20611E+02
 143.86   1.50063E+03  -1.49373E-01  -1.37419E+03   5.59685E+02
 144.57   9.55993E+02  -6.93587E-03  -9.47425E+02  -1.27533E+02
 145.28   1.36894E+03  -4.30658E-03  -1.35913E+03  -1.63474E+02
 145.98   1.36280E+03   3.71351E-01  -4.81012E+02  -1.17035E+03
 146.69   2.32745E+02  -2.64248E-01  -1.88578E+02   1.21762E+02
 147.40   2.15634E+03  -1.52226E-01  -2.06098E+03   5.42574E+02
 148.11   2.40077E+03   3.40547E-02  -2.15832E+03   1.04818E+03
 148.82   7.17261E+03   3.24835E-01  -6.20023E+03  -2.75228E+03
 149.53   5.03604E+03  -3.61554E-02  -5.00690E+03  -5.09398E+02
 150.24   3.37200E+02  -2.84441E-01  -3.22879E+02  -1.59199E+01
 150.94   9.21188E+02  -9.47105E-01  -2.28678E+02  -1.87363E+02
 151.65   4.10635E+03   4.51772E-01  -3.35058E+03   1.48128E+03
 152.36   3.98993E+03   2.96944E-01  -3.75636E+03  -6.36876E+02
 153.07   2.03103E+03  -6.20047E-02  -8.16917E+02  -1.85523E+03
 153.78   1.22389E+03   1.36648E-01  -8.09117E+02  -9.02924E+02
 154.49   7.31459E+03  -1.47185E-01  -7.23227E+03   1.96076E+02
 155.20   1.65134E+03  -7.92476E-01  -7.43574E+02   6.79309E+02
 155.91   1.57635E+03  -4.85099E-01  -4.23793E+02   1.31169E+03
 156.61   5.49246E+03  -1.39658E-01  -5.07056E+03   1.96676E+03
 157.32   1.25427E+03   6.16421E-01  -9.84540E+02  -7.80974E+01
 158.03   4.99694E+03   4.39619E-01  -2.05937E+03   3.98782E+03
 158.74   2.87765E+03  -5.10571E-02  -2.52748E+03   1.36790E+03
 159.45   1.36562E+03   3.50247E-01   1.20361E+03   4.32956E+02
 160.16   3.72883E+03   4.96093E-01  -3.14436E+03   7.71522E+02
 160.87   6.10892E+02  -5.91146E-01  -3.01669E+02   3.89580E+02
 161.57   6.09467E+03   9.87320E-01  -9.15795E+02   3.11933E+02
 162.28   8.68588E+02  -3.96598E-02   8.67632E+02  -2.17296E+01
 162.99   4.42256E+03   8.08149E-01  -2.92620E+02  -2.58830E+03
 163.70   1.95937E+03  -3.63983E-01  -1.80170E+03   2.90487E+02
 164.41   2.12791E+03  -7.21924E-01  -2.28474E+02  -1.45462E+03
 165.12   7.29821E+03  -3.35401E-01  -9.49184E+02   6.80963E+03
 165.83   3.49715E+03  -6.56216E-02   3.35258E+03  -9.68312E+02
 166.54   8.37775E+03  -6.29514E-01   1.48724E+03   6.33725E+03
 167.24   2.85816E+03   8.67754E-01   1.33109E+02  -1.41424E+03
 167.95   4.59637E+03  -7.89445E-01  -6.92625E+02   2.73501E+03
 168.66   5.01216E+03  -4.28149E-01  -5.18543E+02  -4.49975E+03
 169.37   9.40727E+03  -7.70561E-01   1.42102E+03   5.82506E+03
 170.08   1.28572E+04  -2.37826E-02   1.21739E+04  -4.12446E+03
 170.79   1.18376E+04  -6.80803E-01   8.64898E+03   6.12654E+02
 171.50   1.78312E+04   2.96053E-01   1.64349E+04   4.46958E+03
 172.20   9.97767E+03   5.97250E-01  -1.19920E+03  -7.91228E+03
 172.91   1.51563E+04  -6.74569E-01   8.10577E+03  -7.71232E+03
 173.62   5.71932E+03  -9.88986E-01   2.46233E+02  -8.09895E+02
 174.33   2.61005E+04  -9.47660E-01   8.20155E+03   1.47646E+03
 175.04   4.17488E+04   6.39532E-01   2.78750E+04   1.59084E+04
 175.75   5.93013E+04   5.21595E-01   4.95591E+04  -1.01882E+04
 176.46   1.10325E+05   7.28972E-02   1.09644E+05  -9.21856E+03
 177.17   1.43298E+05   2.02081E-01   1.40315E+05  -2.73017E+03
 177.87   2.60304E+05   5.87906E-01   2.05359E+05  -4.65475E+04
 178.58   4.54271E+05   4.93896E-01   3.81245E+05  -1.03324E+05
 179.29   5.44885E+05   6.27639E-01   4.05204E+05  -1.25504E+05
 180.00   1.86961E+06  -0.00000E+00  -1.86961E+06   0.00000E+00
